{
  "RSpec": {
    "coverage": {
      "/home/benevolent-helper-1972/tic-tac-toe-rb-online-web-sp-000/lib/tic_tac_toe.rb": [
        null,
        1,
        null,
        null,
        null,
        null,
        null,
        null,
        null,
        null,
        1,
        22,
        22,
        22,
        22,
        22,
        null,
        null,
        1,
        23,
        null,
        null,
        null,
        1,
        22,
        22,
        null,
        null,
        null,
        1,
        25,
        null,
        null,
        1,
        23,
        20,
        null,
        3,
        null,
        null,
        null,
        1,
        21,
        21,
        189,
        31,
        null,
        null,
        21,
        null,
        null,
        1,
        20,
        null,
        null,
        1,
        66,
        419,
        419,
        419,
        419,
        20,
        399,
        7,
        null,
        null,
        null,
        null,
        1,
        22,
        116,
        null,
        null,
        null,
        1,
        28,
        null,
        null,
        1,
        21,
        null,
        null,
        1,
        12,
        11,
        null,
        null,
        null,
        null,
        null,
        1,
        20,
        20,
        20,
        20,
        19,
        null,
        1,
        null,
        null,
        null,
        1,
        12,
        17,
        17,
        null,
        12,
        3,
        null,
        9,
        5,
        5,
        null,
        null,
        null
      ]
    },
    "timestamp": 1570434132
  }
}
